<?xml version="1.0" encoding="UTF-8"?>
<testng-results ignored="0" total="1" passed="1" failed="0" skipped="0">
  <reporter-output>
  </reporter-output>
  <suite started-at="2023-02-22T12:54:55 IST" name="Default suite" finished-at="2023-02-22T12:55:10 IST" duration-ms="14924">
    <groups>
    </groups>
    <test started-at="2023-02-22T12:54:55 IST" name="Default test" finished-at="2023-02-22T12:55:10 IST" duration-ms="14924">
      <class name="TestCasesPractice.LoginWithValidUsernamePassword">
        <test-method signature="HomeCase1()[pri:0, instance:TestCasesPractice.LoginWithValidUsernamePassword@4229bb3f]" started-at="2023-02-22T12:54:55 IST" name="HomeCase1" finished-at="2023-02-22T12:55:10 IST" duration-ms="14840" status="PASS">
          <reporter-output>
          </reporter-output>
        </test-method> <!-- HomeCase1 -->
      </class> <!-- TestCasesPractice.LoginWithValidUsernamePassword -->
    </test> <!-- Default test -->
  </suite> <!-- Default suite -->
</testng-results>
